Сборка начата 02.03.2016 1:19:52.
     1>Проект "C:\Users\Мария\Documents\SPBPU\fightClub\GF\GF\GF.vcxproj" в узле 2 (целевые объекты Build).
     1>ClCompile:
         C:\Program Files (x86)\Microsoft Visual Studio 14.0\VC\bin\x86_amd64\CL.exe /c /ZI /nologo /W3 /WX- /sdl /Od /D _DEBUG /D _CONSOLE /D _UNICODE /D UNICODE /Gm /EHsc /RTC1 /MDd /GS /fp:precise /Zc:wchar_t /Zc:forScope /Zc:inline /Fo"x64\Debug\\" /Fd"x64\Debug\vc140.pdb" /Gd /TP /errorReport:prompt BM.cpp GF_Vector.cpp RS.cpp main.cpp
         BM.cpp
     1>c:\users\мария\documents\spbpu\fightclub\gf\gf\gf_vector.h(33): warning C4267: return: преобразование из "size_t" в "int"; возможна потеря данных
     1>c:\users\мария\documents\spbpu\fightclub\gf\gf\bm.cpp(8): warning C4101: rev_var: неиспользованная локальная переменная
         Создание кода...
         Пропуск... (изменения не обнаружены)
         main.cpp
         RS.cpp
         GF_Vector.cpp
       Link:
         C:\Program Files (x86)\Microsoft Visual Studio 14.0\VC\bin\x86_amd64\link.exe /ERRORREPORT:PROMPT /OUT:"C:\Users\Мария\Documents\SPBPU\fightClub\GF\x64\Debug\GF.exe" /INCREMENTAL /NOLOGO kernel32.lib user32.lib gdi32.lib winspool.lib comdlg32.lib advapi32.lib shell32.lib ole32.lib oleaut32.lib uuid.lib odbc32.lib odbccp32.lib /MANIFEST /MANIFESTUAC:"level='asInvoker' uiAccess='false'" /manifest:embed /Debug /PDB:"C:\Users\Мария\Documents\SPBPU\fightClub\GF\x64\Debug\GF.pdb" /SUBSYSTEM:CONSOLE /TLBID:1 /DYNAMICBASE /NXCOMPAT /IMPLIB:"C:\Users\Мария\Documents\SPBPU\fightClub\GF\x64\Debug\GF.lib" /MACHINE:X64 x64\Debug\BM.obj
         x64\Debug\Elem.obj
         x64\Debug\function.obj
         x64\Debug\GF.obj
         x64\Debug\GF_Vector.obj
         x64\Debug\main.obj
         x64\Debug\RS.obj
         GF.vcxproj -> C:\Users\Мария\Documents\SPBPU\fightClub\GF\x64\Debug\GF.exe
     1>Сборка проекта "C:\Users\Мария\Documents\SPBPU\fightClub\GF\GF\GF.vcxproj" завершена (целевые объекты Build).

Сборка успешно завершена.

Затраченное время: 00:00:03.56
