Сборка начата 16.12.2015 15:35:26.
     1>Проект "C:\Users\Мария\Documents\SPBPU\fightClub\GF\GF\GF.vcxproj" в узле 2 (целевые объекты Build).
     1>ClCompile:
         C:\Program Files (x86)\Microsoft Visual Studio 14.0\VC\bin\CL.exe /c /ZI /nologo /W3 /WX- /sdl /Od /Oy- /D WIN32 /D _DEBUG /D _CONSOLE /D _UNICODE /D UNICODE /Gm /EHsc /RTC1 /MDd /GS /fp:precise /Zc:wchar_t /Zc:forScope /Zc:inline /Fo"Debug\\" /Fd"Debug\vc140.pdb" /Gd /TP /analyze- /errorReport:prompt BM.cpp main.cpp
         main.cpp
     1>c:\users\мария\documents\spbpu\fightclub\gf\gf\main.cpp(11): warning C4101: h: неиспользованная локальная переменная
         BM.cpp
     1>c:\users\мария\documents\spbpu\fightclub\gf\gf\bm.cpp(6): warning C4101: m: неиспользованная локальная переменная
     1>c:\users\мария\documents\spbpu\fightclub\gf\gf\bm.cpp(7): warning C4101: power_var: неиспользованная локальная переменная
     1>c:\users\мария\documents\spbpu\fightclub\gf\gf\bm.cpp(7): warning C4101: rev_var: неиспользованная локальная переменная
     1>c:\users\мария\documents\spbpu\fightclub\gf\gf\bm.cpp(7): warning C4101: mult_var: неиспользованная локальная переменная
         Создание кода...
       Link:
         C:\Program Files (x86)\Microsoft Visual Studio 14.0\VC\bin\link.exe /ERRORREPORT:PROMPT /OUT:"C:\Users\Мария\Documents\SPBPU\fightClub\GF\Debug\GF.exe" /INCREMENTAL /NOLOGO kernel32.lib user32.lib gdi32.lib winspool.lib comdlg32.lib advapi32.lib shell32.lib ole32.lib oleaut32.lib uuid.lib odbc32.lib odbccp32.lib /MANIFEST /MANIFESTUAC:"level='asInvoker' uiAccess='false'" /manifest:embed /Debug /PDB:"C:\Users\Мария\Documents\SPBPU\fightClub\GF\Debug\GF.pdb" /SUBSYSTEM:CONSOLE /TLBID:1 /DYNAMICBASE /NXCOMPAT /IMPLIB:"C:\Users\Мария\Documents\SPBPU\fightClub\GF\Debug\GF.lib" /MACHINE:X86 Debug\BM.obj
         Debug\Elem.obj
         Debug\function.obj
         Debug\GF.obj
         Debug\GF_Vector.obj
         Debug\main.obj
         Debug\RS.obj
         GF.vcxproj -> C:\Users\Мария\Documents\SPBPU\fightClub\GF\Debug\GF.exe
     1>Сборка проекта "C:\Users\Мария\Documents\SPBPU\fightClub\GF\GF\GF.vcxproj" завершена (целевые объекты Build).

Сборка успешно завершена.

Затраченное время: 00:00:01.63
